******************************
Namespace(board=True, cfg='./configs/coco/resnet/256x192_res18_lr1e-3_1x.yaml', debug=False, detector='yolo', device=device(type='cuda', index=0), dist_backend='nccl', dist_url='tcp://192.168.1.214:23345', exp_id='mytrain', gpus=[0], launcher='none', map=True, nThreads=60, rank=-1, snapshot=2, sync=False, work_dir='./exp/mytrain-256x192_res18_lr1e-3_1x.yaml/', world_size=4)
******************************
{'DATASET': {'TRAIN': {'TYPE': 'Mscoco', 'ROOT': './data/coco/', 'IMG_PREFIX': 'train2017', 'ANN': 'annotations/person_keypoints_train2017.json', 'AUG': {'FLIP': True, 'ROT_FACTOR': 40, 'SCALE_FACTOR': 0.3, 'NUM_JOINTS_HALF_BODY': 8, 'PROB_HALF_BODY': -1}}, 'VAL': {'TYPE': 'Mscoco', 'ROOT': './data/coco/', 'IMG_PREFIX': 'val2017', 'ANN': 'annotations/person_keypoints_val2017.json'}, 'TEST': {'TYPE': 'Mscoco_det', 'ROOT': './data/coco/', 'IMG_PREFIX': 'val2017', 'DET_FILE': './exp/json/test_det_yolo.json', 'ANN': 'annotations/person_keypoints_val2017.json'}}, 'DATA_PRESET': {'TYPE': 'simple', 'SIGMA': 2, 'NUM_JOINTS': 17, 'IMAGE_SIZE': [256, 192], 'HEATMAP_SIZE': [64, 48]}, 'MODEL': {'TYPE': 'FastPose', 'PRETRAINED': '', 'TRY_LOAD': '', 'NUM_DECONV_FILTERS': [256, 256, 256], 'NUM_LAYERS': 18}, 'DETECTOR': {'NAME': 'yolo', 'CONFIG': 'detector/yolo/cfg/yolov3-spp.cfg', 'WEIGHTS': 'detector/yolo/data/yolov3-spp.weights', 'NMS_THRES': 0.6, 'CONFIDENCE': 0.05}, 'TRAIN': {'WORLD_SIZE': 4, 'BATCH_SIZE': 1, 'BEGIN_EPOCH': 0, 'END_EPOCH': 200, 'OPTIMIZER': 'adam', 'LR': 0.001, 'LR_FACTOR': 0.1, 'LR_STEP': [90, 120], 'DPG_MILESTONE': 140, 'DPG_STEP': [20, 50]}, 'FILE_NAME': '256x192_res18_lr1e-3_1x.yaml'}
******************************
******************************
Namespace(board=True, cfg='./configs/coco/resnet/256x192_res18_lr1e-3_1x.yaml', debug=False, detector='yolo', device=device(type='cuda', index=0), dist_backend='nccl', dist_url='tcp://192.168.1.214:23345', exp_id='mytrain', gpus=[0], launcher='none', map=True, nThreads=60, rank=-1, snapshot=2, sync=False, work_dir='./exp/mytrain-256x192_res18_lr1e-3_1x.yaml/', world_size=4)
******************************
{'DATASET': {'TRAIN': {'TYPE': 'Mscoco', 'ROOT': './data/coco/', 'IMG_PREFIX': 'train2017', 'ANN': 'annotations/person_keypoints_train2017.json', 'AUG': {'FLIP': True, 'ROT_FACTOR': 40, 'SCALE_FACTOR': 0.3, 'NUM_JOINTS_HALF_BODY': 8, 'PROB_HALF_BODY': -1}}, 'VAL': {'TYPE': 'Mscoco', 'ROOT': './data/coco/', 'IMG_PREFIX': 'val2017', 'ANN': 'annotations/person_keypoints_val2017.json'}, 'TEST': {'TYPE': 'Mscoco_det', 'ROOT': './data/coco/', 'IMG_PREFIX': 'val2017', 'DET_FILE': './exp/json/test_det_yolo.json', 'ANN': 'annotations/person_keypoints_val2017.json'}}, 'DATA_PRESET': {'TYPE': 'simple', 'SIGMA': 2, 'NUM_JOINTS': 17, 'IMAGE_SIZE': [256, 192], 'HEATMAP_SIZE': [64, 48]}, 'MODEL': {'TYPE': 'FastPose', 'PRETRAINED': '', 'TRY_LOAD': '', 'NUM_DECONV_FILTERS': [256, 256, 256], 'NUM_LAYERS': 34}, 'DETECTOR': {'NAME': 'yolo', 'CONFIG': 'detector/yolo/cfg/yolov3-spp.cfg', 'WEIGHTS': 'detector/yolo/data/yolov3-spp.weights', 'NMS_THRES': 0.6, 'CONFIDENCE': 0.05}, 'TRAIN': {'WORLD_SIZE': 4, 'BATCH_SIZE': 1, 'BEGIN_EPOCH': 0, 'END_EPOCH': 200, 'OPTIMIZER': 'adam', 'LR': 0.001, 'LR_FACTOR': 0.1, 'LR_STEP': [90, 120], 'DPG_MILESTONE': 140, 'DPG_STEP': [20, 50]}, 'FILE_NAME': '256x192_res18_lr1e-3_1x.yaml'}
******************************
******************************
Namespace(board=True, cfg='./configs/coco/resnet/256x192_res18_lr1e-3_1x.yaml', debug=False, detector='yolo', device=device(type='cuda', index=0), dist_backend='nccl', dist_url='tcp://192.168.1.214:23345', exp_id='mytrain', gpus=[0], launcher='none', map=True, nThreads=60, rank=-1, snapshot=2, sync=False, work_dir='./exp/mytrain-256x192_res18_lr1e-3_1x.yaml/', world_size=4)
******************************
{'DATASET': {'TRAIN': {'TYPE': 'Mscoco', 'ROOT': './data/coco/', 'IMG_PREFIX': 'train2017', 'ANN': 'annotations/person_keypoints_train2017.json', 'AUG': {'FLIP': True, 'ROT_FACTOR': 40, 'SCALE_FACTOR': 0.3, 'NUM_JOINTS_HALF_BODY': 8, 'PROB_HALF_BODY': -1}}, 'VAL': {'TYPE': 'Mscoco', 'ROOT': './data/coco/', 'IMG_PREFIX': 'val2017', 'ANN': 'annotations/person_keypoints_val2017.json'}, 'TEST': {'TYPE': 'Mscoco_det', 'ROOT': './data/coco/', 'IMG_PREFIX': 'val2017', 'DET_FILE': './exp/json/test_det_yolo.json', 'ANN': 'annotations/person_keypoints_val2017.json'}}, 'DATA_PRESET': {'TYPE': 'simple', 'SIGMA': 2, 'NUM_JOINTS': 17, 'IMAGE_SIZE': [256, 192], 'HEATMAP_SIZE': [64, 48]}, 'MODEL': {'TYPE': 'FastPose', 'PRETRAINED': '', 'TRY_LOAD': '', 'NUM_DECONV_FILTERS': [256, 256, 256], 'NUM_LAYERS': 18}, 'DETECTOR': {'NAME': 'yolo', 'CONFIG': 'detector/yolo/cfg/yolov3-spp.cfg', 'WEIGHTS': 'detector/yolo/data/yolov3-spp.weights', 'NMS_THRES': 0.6, 'CONFIDENCE': 0.05}, 'TRAIN': {'WORLD_SIZE': 4, 'BATCH_SIZE': 1, 'BEGIN_EPOCH': 0, 'END_EPOCH': 200, 'OPTIMIZER': 'adam', 'LR': 0.001, 'LR_FACTOR': 0.1, 'LR_STEP': [90, 120], 'DPG_MILESTONE': 140, 'DPG_STEP': [20, 50]}, 'FILE_NAME': '256x192_res18_lr1e-3_1x.yaml'}
******************************
******************************
Namespace(board=True, cfg='./configs/coco/resnet/256x192_res18_lr1e-3_1x.yaml', debug=False, detector='yolo', device=device(type='cuda', index=0), dist_backend='nccl', dist_url='tcp://192.168.1.214:23345', exp_id='mytrain', gpus=[0], launcher='none', map=True, nThreads=60, rank=-1, snapshot=2, sync=False, work_dir='./exp/mytrain-256x192_res18_lr1e-3_1x.yaml/', world_size=4)
******************************
{'DATASET': {'TRAIN': {'TYPE': 'Mscoco', 'ROOT': './data/coco/', 'IMG_PREFIX': 'train2017', 'ANN': 'annotations/person_keypoints_train2017.json', 'AUG': {'FLIP': True, 'ROT_FACTOR': 40, 'SCALE_FACTOR': 0.3, 'NUM_JOINTS_HALF_BODY': 8, 'PROB_HALF_BODY': -1}}, 'VAL': {'TYPE': 'Mscoco', 'ROOT': './data/coco/', 'IMG_PREFIX': 'val2017', 'ANN': 'annotations/person_keypoints_val2017.json'}, 'TEST': {'TYPE': 'Mscoco_det', 'ROOT': './data/coco/', 'IMG_PREFIX': 'val2017', 'DET_FILE': './exp/json/test_det_yolo.json', 'ANN': 'annotations/person_keypoints_val2017.json'}}, 'DATA_PRESET': {'TYPE': 'simple', 'SIGMA': 2, 'NUM_JOINTS': 17, 'IMAGE_SIZE': [256, 192], 'HEATMAP_SIZE': [64, 48]}, 'MODEL': {'TYPE': 'FastPose', 'PRETRAINED': '', 'TRY_LOAD': '', 'NUM_DECONV_FILTERS': [256, 256, 256], 'NUM_LAYERS': 18}, 'DETECTOR': {'NAME': 'yolo', 'CONFIG': 'detector/yolo/cfg/yolov3-spp.cfg', 'WEIGHTS': 'detector/yolo/data/yolov3-spp.weights', 'NMS_THRES': 0.6, 'CONFIDENCE': 0.05}, 'TRAIN': {'WORLD_SIZE': 4, 'BATCH_SIZE': 1, 'BEGIN_EPOCH': 0, 'END_EPOCH': 200, 'OPTIMIZER': 'adam', 'LR': 0.001, 'LR_FACTOR': 0.1, 'LR_STEP': [90, 120], 'DPG_MILESTONE': 140, 'DPG_STEP': [20, 50]}, 'FILE_NAME': '256x192_res18_lr1e-3_1x.yaml'}
******************************
Create new model
=> init weights
############# Starting Epoch 0 | LR: 0.001 #############
******************************
Namespace(board=True, cfg='./configs/coco/resnet/256x192_res18_lr1e-3_1x.yaml', debug=False, detector='yolo', device=device(type='cuda', index=0), dist_backend='nccl', dist_url='tcp://192.168.1.214:23345', exp_id='mytrain', gpus=[0], launcher='none', map=True, nThreads=60, rank=-1, snapshot=2, sync=False, work_dir='./exp/mytrain-256x192_res18_lr1e-3_1x.yaml/', world_size=4)
******************************
{'DATASET': {'TRAIN': {'TYPE': 'Mscoco', 'ROOT': './data/coco/', 'IMG_PREFIX': 'train2017', 'ANN': 'annotations/person_keypoints_train2017.json', 'AUG': {'FLIP': True, 'ROT_FACTOR': 40, 'SCALE_FACTOR': 0.3, 'NUM_JOINTS_HALF_BODY': 8, 'PROB_HALF_BODY': -1}}, 'VAL': {'TYPE': 'Mscoco', 'ROOT': './data/coco/', 'IMG_PREFIX': 'val2017', 'ANN': 'annotations/person_keypoints_val2017.json'}, 'TEST': {'TYPE': 'Mscoco_det', 'ROOT': './data/coco/', 'IMG_PREFIX': 'val2017', 'DET_FILE': './exp/json/test_det_yolo.json', 'ANN': 'annotations/person_keypoints_val2017.json'}}, 'DATA_PRESET': {'TYPE': 'simple', 'SIGMA': 2, 'NUM_JOINTS': 17, 'IMAGE_SIZE': [256, 192], 'HEATMAP_SIZE': [64, 48]}, 'MODEL': {'TYPE': 'FastPose', 'PRETRAINED': '', 'TRY_LOAD': '', 'NUM_DECONV_FILTERS': [256, 256, 256], 'NUM_LAYERS': 18}, 'DETECTOR': {'NAME': 'yolo', 'CONFIG': 'detector/yolo/cfg/yolov3-spp.cfg', 'WEIGHTS': 'detector/yolo/data/yolov3-spp.weights', 'NMS_THRES': 0.6, 'CONFIDENCE': 0.05}, 'TRAIN': {'WORLD_SIZE': 4, 'BATCH_SIZE': 1, 'BEGIN_EPOCH': 0, 'END_EPOCH': 200, 'OPTIMIZER': 'adam', 'LR': 0.001, 'LR_FACTOR': 0.1, 'LR_STEP': [90, 120], 'DPG_MILESTONE': 140, 'DPG_STEP': [20, 50]}, 'FILE_NAME': '256x192_res18_lr1e-3_1x.yaml'}
******************************
Create new model
=> init weights
############# Starting Epoch 0 | LR: 0.001 #############
******************************
Namespace(board=True, cfg='./configs/coco/resnet/256x192_res18_lr1e-3_1x.yaml', debug=False, detector='yolo', device=device(type='cuda', index=0), dist_backend='nccl', dist_url='tcp://192.168.1.214:23345', exp_id='mytrain', gpus=[0], launcher='none', map=True, nThreads=60, rank=-1, snapshot=2, sync=False, work_dir='./exp/mytrain-256x192_res18_lr1e-3_1x.yaml/', world_size=4)
******************************
{'DATASET': {'TRAIN': {'TYPE': 'Mscoco', 'ROOT': './data/coco/', 'IMG_PREFIX': 'train2017', 'ANN': 'annotations/person_keypoints_train2017.json', 'AUG': {'FLIP': True, 'ROT_FACTOR': 40, 'SCALE_FACTOR': 0.3, 'NUM_JOINTS_HALF_BODY': 8, 'PROB_HALF_BODY': -1}}, 'VAL': {'TYPE': 'Mscoco', 'ROOT': './data/coco/', 'IMG_PREFIX': 'val2017', 'ANN': 'annotations/person_keypoints_val2017.json'}, 'TEST': {'TYPE': 'Mscoco_det', 'ROOT': './data/coco/', 'IMG_PREFIX': 'val2017', 'DET_FILE': './exp/json/test_det_yolo.json', 'ANN': 'annotations/person_keypoints_val2017.json'}}, 'DATA_PRESET': {'TYPE': 'simple', 'SIGMA': 2, 'NUM_JOINTS': 17, 'IMAGE_SIZE': [256, 192], 'HEATMAP_SIZE': [64, 48]}, 'MODEL': {'TYPE': 'FastPose', 'PRETRAINED': '', 'TRY_LOAD': '', 'NUM_DECONV_FILTERS': [256, 256, 256], 'NUM_LAYERS': 18}, 'DETECTOR': {'NAME': 'yolo', 'CONFIG': 'detector/yolo/cfg/yolov3-spp.cfg', 'WEIGHTS': 'detector/yolo/data/yolov3-spp.weights', 'NMS_THRES': 0.6, 'CONFIDENCE': 0.05}, 'TRAIN': {'WORLD_SIZE': 4, 'BATCH_SIZE': 1, 'BEGIN_EPOCH': 0, 'END_EPOCH': 200, 'OPTIMIZER': 'adam', 'LR': 0.001, 'LR_FACTOR': 0.1, 'LR_STEP': [90, 120], 'DPG_MILESTONE': 140, 'DPG_STEP': [20, 50]}, 'FILE_NAME': '256x192_res18_lr1e-3_1x.yaml'}
******************************
Create new model
=> init weights
############# Starting Epoch 0 | LR: 0.001 #############
******************************
Namespace(board=True, cfg='./configs/coco/resnet/256x192_res18_lr1e-3_1x.yaml', debug=False, detector='yolo', device=device(type='cuda', index=0), dist_backend='nccl', dist_url='tcp://192.168.1.214:23345', exp_id='mytrain', gpus=[0], launcher='none', map=True, nThreads=60, rank=-1, snapshot=2, sync=False, work_dir='./exp/mytrain-256x192_res18_lr1e-3_1x.yaml/', world_size=4)
******************************
{'DATASET': {'TRAIN': {'TYPE': 'Mscoco', 'ROOT': './data/coco/', 'IMG_PREFIX': 'train2017', 'ANN': 'annotations/person_keypoints_train2017.json', 'AUG': {'FLIP': True, 'ROT_FACTOR': 40, 'SCALE_FACTOR': 0.3, 'NUM_JOINTS_HALF_BODY': 8, 'PROB_HALF_BODY': -1}}, 'VAL': {'TYPE': 'Mscoco', 'ROOT': './data/coco/', 'IMG_PREFIX': 'val2017', 'ANN': 'annotations/person_keypoints_val2017.json'}, 'TEST': {'TYPE': 'Mscoco_det', 'ROOT': './data/coco/', 'IMG_PREFIX': 'val2017', 'DET_FILE': './exp/json/test_det_yolo.json', 'ANN': 'annotations/person_keypoints_val2017.json'}}, 'DATA_PRESET': {'TYPE': 'simple', 'SIGMA': 2, 'NUM_JOINTS': 17, 'IMAGE_SIZE': [256, 192], 'HEATMAP_SIZE': [64, 48]}, 'MODEL': {'TYPE': 'FastPose', 'PRETRAINED': '', 'TRY_LOAD': '', 'NUM_DECONV_FILTERS': [256, 256, 256], 'NUM_LAYERS': 18}, 'DETECTOR': {'NAME': 'yolo', 'CONFIG': 'detector/yolo/cfg/yolov3-spp.cfg', 'WEIGHTS': 'detector/yolo/data/yolov3-spp.weights', 'NMS_THRES': 0.6, 'CONFIDENCE': 0.05}, 'TRAIN': {'WORLD_SIZE': 4, 'BATCH_SIZE': 8, 'BEGIN_EPOCH': 0, 'END_EPOCH': 200, 'OPTIMIZER': 'adam', 'LR': 0.001, 'LR_FACTOR': 0.1, 'LR_STEP': [90, 120], 'DPG_MILESTONE': 140, 'DPG_STEP': [20, 50]}, 'FILE_NAME': '256x192_res18_lr1e-3_1x.yaml'}
******************************
Create new model
=> init weights
############# Starting Epoch 0 | LR: 0.001 #############
******************************
Namespace(board=True, cfg='./configs/coco/resnet/256x192_res18_lr1e-3_1x.yaml', debug=False, detector='yolo', device=device(type='cuda', index=0), dist_backend='nccl', dist_url='tcp://192.168.1.214:23345', exp_id='mytrain', gpus=[0], launcher='none', map=True, nThreads=60, rank=-1, snapshot=2, sync=False, work_dir='./exp/mytrain-256x192_res18_lr1e-3_1x.yaml/', world_size=4)
******************************
{'DATASET': {'TRAIN': {'TYPE': 'Mscoco', 'ROOT': './data/coco/', 'IMG_PREFIX': 'train2017', 'ANN': 'annotations/person_keypoints_train2017.json', 'AUG': {'FLIP': True, 'ROT_FACTOR': 40, 'SCALE_FACTOR': 0.3, 'NUM_JOINTS_HALF_BODY': 8, 'PROB_HALF_BODY': -1}}, 'VAL': {'TYPE': 'Mscoco', 'ROOT': './data/coco/', 'IMG_PREFIX': 'val2017', 'ANN': 'annotations/person_keypoints_val2017.json'}, 'TEST': {'TYPE': 'Mscoco_det', 'ROOT': './data/coco/', 'IMG_PREFIX': 'val2017', 'DET_FILE': './exp/json/test_det_yolo.json', 'ANN': 'annotations/person_keypoints_val2017.json'}}, 'DATA_PRESET': {'TYPE': 'simple', 'SIGMA': 2, 'NUM_JOINTS': 17, 'IMAGE_SIZE': [256, 192], 'HEATMAP_SIZE': [64, 48]}, 'MODEL': {'TYPE': 'FastPose', 'PRETRAINED': '', 'TRY_LOAD': '', 'NUM_DECONV_FILTERS': [256, 256, 256], 'NUM_LAYERS': 18}, 'DETECTOR': {'NAME': 'yolo', 'CONFIG': 'detector/yolo/cfg/yolov3-spp.cfg', 'WEIGHTS': 'detector/yolo/data/yolov3-spp.weights', 'NMS_THRES': 0.6, 'CONFIDENCE': 0.05}, 'TRAIN': {'WORLD_SIZE': 4, 'BATCH_SIZE': 16, 'BEGIN_EPOCH': 0, 'END_EPOCH': 200, 'OPTIMIZER': 'adam', 'LR': 0.001, 'LR_FACTOR': 0.1, 'LR_STEP': [90, 120], 'DPG_MILESTONE': 140, 'DPG_STEP': [20, 50]}, 'FILE_NAME': '256x192_res18_lr1e-3_1x.yaml'}
******************************
Create new model
=> init weights
############# Starting Epoch 0 | LR: 0.001 #############
Train-0 epoch | loss:0.00079487 | acc:0.4955
############# Starting Epoch 1 | LR: 0.001 #############
Train-1 epoch | loss:0.00065424 | acc:0.6184
##### Epoch 1 | gt mAP: 0.41093385253058645 | rcnn mAP: 0.37685828839378843 #####
############# Starting Epoch 2 | LR: 0.001 #############
Train-2 epoch | loss:0.00060950 | acc:0.6542
############# Starting Epoch 3 | LR: 0.001 #############
******************************
Namespace(board=True, cfg='./configs/coco/resnet/256x192_res18_lr1e-3_1x.yaml', debug=False, detector='yolo', device=device(type='cuda', index=0), dist_backend='nccl', dist_url='tcp://192.168.1.214:23345', exp_id='mytrain', gpus=[0], launcher='none', map=True, nThreads=60, rank=-1, snapshot=5, sync=False, work_dir='./exp/mytrain-256x192_res18_lr1e-3_1x.yaml/', world_size=4)
******************************
{'DATASET': {'TRAIN': {'TYPE': 'Mscoco', 'ROOT': './data/coco/', 'IMG_PREFIX': 'train2017', 'ANN': 'annotations/person_keypoints_train2017.json', 'AUG': {'FLIP': True, 'ROT_FACTOR': 40, 'SCALE_FACTOR': 0.3, 'NUM_JOINTS_HALF_BODY': 8, 'PROB_HALF_BODY': -1}}, 'VAL': {'TYPE': 'Mscoco', 'ROOT': './data/coco/', 'IMG_PREFIX': 'val2017', 'ANN': 'annotations/person_keypoints_val2017.json'}, 'TEST': {'TYPE': 'Mscoco_det', 'ROOT': './data/coco/', 'IMG_PREFIX': 'val2017', 'DET_FILE': './exp/json/test_det_yolo.json', 'ANN': 'annotations/person_keypoints_val2017.json'}}, 'DATA_PRESET': {'TYPE': 'simple', 'SIGMA': 2, 'NUM_JOINTS': 17, 'IMAGE_SIZE': [256, 192], 'HEATMAP_SIZE': [64, 48]}, 'MODEL': {'TYPE': 'FastPose', 'PRETRAINED': '', 'TRY_LOAD': '', 'NUM_DECONV_FILTERS': [64, 64, 64], 'NUM_LAYERS': 18}, 'DETECTOR': {'NAME': 'yolo', 'CONFIG': 'detector/yolo/cfg/yolov3-spp.cfg', 'WEIGHTS': 'detector/yolo/data/yolov3-spp.weights', 'NMS_THRES': 0.6, 'CONFIDENCE': 0.05}, 'TRAIN': {'WORLD_SIZE': 4, 'BATCH_SIZE': 16, 'BEGIN_EPOCH': 0, 'END_EPOCH': 200, 'OPTIMIZER': 'adam', 'LR': 0.001, 'LR_FACTOR': 0.1, 'LR_STEP': [90, 120], 'DPG_MILESTONE': 140, 'DPG_STEP': [20, 50]}, 'FILE_NAME': '256x192_res18_lr1e-3_1x.yaml'}
******************************
Create new model
=> init weights
############# Starting Epoch 0 | LR: 0.001 #############
******************************
Namespace(board=True, cfg='./configs/coco/resnet/256x192_res18_lr1e-3_1x.yaml', debug=False, detector='yolo', device=device(type='cuda', index=0), dist_backend='nccl', dist_url='tcp://192.168.1.214:23345', exp_id='mytrain', gpus=[0], launcher='none', map=True, nThreads=60, rank=-1, snapshot=5, sync=False, work_dir='./exp/mytrain-256x192_res18_lr1e-3_1x.yaml/', world_size=4)
******************************
{'DATASET': {'TRAIN': {'TYPE': 'Mscoco', 'ROOT': './data/coco/', 'IMG_PREFIX': 'train2017', 'ANN': 'annotations/person_keypoints_train2017.json', 'AUG': {'FLIP': True, 'ROT_FACTOR': 40, 'SCALE_FACTOR': 0.3, 'NUM_JOINTS_HALF_BODY': 8, 'PROB_HALF_BODY': -1}}, 'VAL': {'TYPE': 'Mscoco', 'ROOT': './data/coco/', 'IMG_PREFIX': 'val2017', 'ANN': 'annotations/person_keypoints_val2017.json'}, 'TEST': {'TYPE': 'Mscoco_det', 'ROOT': './data/coco/', 'IMG_PREFIX': 'val2017', 'DET_FILE': './exp/json/test_det_yolo.json', 'ANN': 'annotations/person_keypoints_val2017.json'}}, 'DATA_PRESET': {'TYPE': 'simple', 'SIGMA': 2, 'NUM_JOINTS': 17, 'IMAGE_SIZE': [256, 192], 'HEATMAP_SIZE': [64, 48]}, 'MODEL': {'TYPE': 'FastPose', 'PRETRAINED': '', 'TRY_LOAD': '', 'NUM_DECONV_FILTERS': [64, 64, 64], 'NUM_LAYERS': 18}, 'DETECTOR': {'NAME': 'yolo', 'CONFIG': 'detector/yolo/cfg/yolov3-spp.cfg', 'WEIGHTS': 'detector/yolo/data/yolov3-spp.weights', 'NMS_THRES': 0.6, 'CONFIDENCE': 0.05}, 'TRAIN': {'WORLD_SIZE': 4, 'BATCH_SIZE': 16, 'BEGIN_EPOCH': 0, 'END_EPOCH': 200, 'OPTIMIZER': 'adam', 'LR': 0.001, 'LR_FACTOR': 0.1, 'LR_STEP': [90, 120], 'DPG_MILESTONE': 140, 'DPG_STEP': [20, 50]}, 'FILE_NAME': '256x192_res18_lr1e-3_1x.yaml'}
******************************
Create new model
=> init weights
############# Starting Epoch 0 | LR: 0.001 #############
******************************
Namespace(board=True, cfg='./configs/coco/resnet/256x192_res18_lr1e-3_1x.yaml', debug=False, detector='yolo', device=device(type='cuda', index=0), dist_backend='nccl', dist_url='tcp://192.168.1.214:23345', exp_id='mytrain', gpus=[0], launcher='none', map=True, nThreads=60, rank=-1, snapshot=5, sync=False, work_dir='./exp/mytrain-256x192_res18_lr1e-3_1x.yaml/', world_size=4)
******************************
{'DATASET': {'TRAIN': {'TYPE': 'Mscoco', 'ROOT': './data/coco/', 'IMG_PREFIX': 'train2017', 'ANN': 'annotations/person_keypoints_train2017.json', 'AUG': {'FLIP': True, 'ROT_FACTOR': 40, 'SCALE_FACTOR': 0.3, 'NUM_JOINTS_HALF_BODY': 8, 'PROB_HALF_BODY': -1}}, 'VAL': {'TYPE': 'Mscoco', 'ROOT': './data/coco/', 'IMG_PREFIX': 'val2017', 'ANN': 'annotations/person_keypoints_val2017.json'}, 'TEST': {'TYPE': 'Mscoco_det', 'ROOT': './data/coco/', 'IMG_PREFIX': 'val2017', 'DET_FILE': './exp/json/test_det_yolo.json', 'ANN': 'annotations/person_keypoints_val2017.json'}}, 'DATA_PRESET': {'TYPE': 'simple', 'SIGMA': 2, 'NUM_JOINTS': 17, 'IMAGE_SIZE': [256, 192], 'HEATMAP_SIZE': [64, 48]}, 'MODEL': {'TYPE': 'FastPose', 'PRETRAINED': '', 'TRY_LOAD': '', 'NUM_DECONV_FILTERS': [64, 64, 64], 'NUM_LAYERS': 18}, 'DETECTOR': {'NAME': 'yolo', 'CONFIG': 'detector/yolo/cfg/yolov3-spp.cfg', 'WEIGHTS': 'detector/yolo/data/yolov3-spp.weights', 'NMS_THRES': 0.6, 'CONFIDENCE': 0.05}, 'TRAIN': {'WORLD_SIZE': 4, 'BATCH_SIZE': 64, 'BEGIN_EPOCH': 0, 'END_EPOCH': 200, 'OPTIMIZER': 'adam', 'LR': 0.001, 'LR_FACTOR': 0.1, 'LR_STEP': [90, 120], 'DPG_MILESTONE': 140, 'DPG_STEP': [20, 50]}, 'FILE_NAME': '256x192_res18_lr1e-3_1x.yaml'}
******************************
Create new model
=> init weights
############# Starting Epoch 0 | LR: 0.001 #############
******************************
Namespace(board=True, cfg='./configs/coco/resnet/256x192_res18_lr1e-3_1x.yaml', debug=False, detector='yolo', device=device(type='cuda', index=0), dist_backend='nccl', dist_url='tcp://192.168.1.214:23345', exp_id='mytrain', gpus=[0], launcher='none', map=True, nThreads=60, rank=-1, snapshot=5, sync=False, work_dir='./exp/mytrain-256x192_res18_lr1e-3_1x.yaml/', world_size=4)
******************************
{'DATASET': {'TRAIN': {'TYPE': 'Mscoco', 'ROOT': './data/coco/', 'IMG_PREFIX': 'train2017', 'ANN': 'annotations/person_keypoints_train2017.json', 'AUG': {'FLIP': True, 'ROT_FACTOR': 40, 'SCALE_FACTOR': 0.3, 'NUM_JOINTS_HALF_BODY': 8, 'PROB_HALF_BODY': -1}}, 'VAL': {'TYPE': 'Mscoco', 'ROOT': './data/coco/', 'IMG_PREFIX': 'val2017', 'ANN': 'annotations/person_keypoints_val2017.json'}, 'TEST': {'TYPE': 'Mscoco_det', 'ROOT': './data/coco/', 'IMG_PREFIX': 'val2017', 'DET_FILE': './exp/json/test_det_yolo.json', 'ANN': 'annotations/person_keypoints_val2017.json'}}, 'DATA_PRESET': {'TYPE': 'simple', 'SIGMA': 2, 'NUM_JOINTS': 17, 'IMAGE_SIZE': [256, 192], 'HEATMAP_SIZE': [64, 48]}, 'MODEL': {'TYPE': 'FastPose', 'PRETRAINED': '', 'TRY_LOAD': '', 'NUM_DECONV_FILTERS': [256, 256, 256], 'NUM_LAYERS': 18}, 'DETECTOR': {'NAME': 'yolo', 'CONFIG': 'detector/yolo/cfg/yolov3-spp.cfg', 'WEIGHTS': 'detector/yolo/data/yolov3-spp.weights', 'NMS_THRES': 0.6, 'CONFIDENCE': 0.05}, 'TRAIN': {'WORLD_SIZE': 4, 'BATCH_SIZE': 32, 'BEGIN_EPOCH': 0, 'END_EPOCH': 200, 'OPTIMIZER': 'adam', 'LR': 0.001, 'LR_FACTOR': 0.1, 'LR_STEP': [90, 120], 'DPG_MILESTONE': 140, 'DPG_STEP': [20, 50]}, 'FILE_NAME': '256x192_res18_lr1e-3_1x.yaml'}
******************************
Create new model
=> init weights
############# Starting Epoch 0 | LR: 0.001 #############
Train-0 epoch | loss:0.00078740 | acc:0.5000
############# Starting Epoch 1 | LR: 0.001 #############
Train-1 epoch | loss:0.00064429 | acc:0.6274
############# Starting Epoch 2 | LR: 0.001 #############
Train-2 epoch | loss:0.00060056 | acc:0.6617
############# Starting Epoch 3 | LR: 0.001 #############
Train-3 epoch | loss:0.00057365 | acc:0.6826
############# Starting Epoch 4 | LR: 0.001 #############
Train-4 epoch | loss:0.00055414 | acc:0.6974
##### Epoch 4 | gt mAP: 0.5073290735621628 | rcnn mAP: 0.4952541120628345 #####
############# Starting Epoch 5 | LR: 0.001 #############
Train-5 epoch | loss:0.00053906 | acc:0.7094
############# Starting Epoch 6 | LR: 0.001 #############
Train-6 epoch | loss:0.00052858 | acc:0.7172
############# Starting Epoch 7 | LR: 0.001 #############
Train-7 epoch | loss:0.00051808 | acc:0.7256
############# Starting Epoch 8 | LR: 0.001 #############
Train-8 epoch | loss:0.00050893 | acc:0.7325
############# Starting Epoch 9 | LR: 0.001 #############
Train-9 epoch | loss:0.00050112 | acc:0.7376
##### Epoch 9 | gt mAP: 0.5513086890595595 | rcnn mAP: 0.5347685503934342 #####
############# Starting Epoch 10 | LR: 0.001 #############
Train-10 epoch | loss:0.00049469 | acc:0.7432
############# Starting Epoch 11 | LR: 0.001 #############
Train-11 epoch | loss:0.00048851 | acc:0.7479
############# Starting Epoch 12 | LR: 0.001 #############
Train-12 epoch | loss:0.00048361 | acc:0.7514
############# Starting Epoch 13 | LR: 0.001 #############
Train-13 epoch | loss:0.00047852 | acc:0.7555
############# Starting Epoch 14 | LR: 0.001 #############
Train-14 epoch | loss:0.00047307 | acc:0.7590
##### Epoch 14 | gt mAP: 0.5742831289357379 | rcnn mAP: 0.558812399876412 #####
############# Starting Epoch 15 | LR: 0.001 #############
Train-15 epoch | loss:0.00046998 | acc:0.7616
############# Starting Epoch 16 | LR: 0.001 #############
Train-16 epoch | loss:0.00046690 | acc:0.7636
############# Starting Epoch 17 | LR: 0.001 #############
Train-17 epoch | loss:0.00046373 | acc:0.7664
############# Starting Epoch 18 | LR: 0.001 #############
Train-18 epoch | loss:0.00045922 | acc:0.7692
############# Starting Epoch 19 | LR: 0.001 #############
Train-19 epoch | loss:0.00045700 | acc:0.7717
##### Epoch 19 | gt mAP: 0.5934087666886555 | rcnn mAP: 0.5777561782438517 #####
############# Starting Epoch 20 | LR: 0.001 #############
Train-20 epoch | loss:0.00045406 | acc:0.7733
############# Starting Epoch 21 | LR: 0.001 #############
Train-21 epoch | loss:0.00045168 | acc:0.7752
############# Starting Epoch 22 | LR: 0.001 #############
Train-22 epoch | loss:0.00044861 | acc:0.7773
############# Starting Epoch 23 | LR: 0.001 #############
Train-23 epoch | loss:0.00044580 | acc:0.7794
############# Starting Epoch 24 | LR: 0.001 #############
Train-24 epoch | loss:0.00044402 | acc:0.7808
##### Epoch 24 | gt mAP: 0.6036134078558344 | rcnn mAP: 0.5862817413382437 #####
############# Starting Epoch 25 | LR: 0.001 #############
Train-25 epoch | loss:0.00044183 | acc:0.7821
############# Starting Epoch 26 | LR: 0.001 #############
Train-26 epoch | loss:0.00044007 | acc:0.7837
############# Starting Epoch 27 | LR: 0.001 #############
Train-27 epoch | loss:0.00043814 | acc:0.7852
############# Starting Epoch 28 | LR: 0.001 #############
Train-28 epoch | loss:0.00043558 | acc:0.7873
############# Starting Epoch 29 | LR: 0.001 #############
Train-29 epoch | loss:0.00043392 | acc:0.7878
##### Epoch 29 | gt mAP: 0.6092397613634544 | rcnn mAP: 0.5933416208736851 #####
############# Starting Epoch 30 | LR: 0.001 #############
Train-30 epoch | loss:0.00043183 | acc:0.7899
############# Starting Epoch 31 | LR: 0.001 #############
Train-31 epoch | loss:0.00043089 | acc:0.7904
############# Starting Epoch 32 | LR: 0.001 #############
Train-32 epoch | loss:0.00042972 | acc:0.7909
############# Starting Epoch 33 | LR: 0.001 #############
Train-33 epoch | loss:0.00042741 | acc:0.7928
############# Starting Epoch 34 | LR: 0.001 #############
Train-34 epoch | loss:0.00042598 | acc:0.7939
##### Epoch 34 | gt mAP: 0.619127102410985 | rcnn mAP: 0.5981637574855513 #####
############# Starting Epoch 35 | LR: 0.001 #############
Train-35 epoch | loss:0.00042447 | acc:0.7949
############# Starting Epoch 36 | LR: 0.001 #############
Train-36 epoch | loss:0.00042337 | acc:0.7957
############# Starting Epoch 37 | LR: 0.001 #############
Train-37 epoch | loss:0.00042210 | acc:0.7969
############# Starting Epoch 38 | LR: 0.001 #############
Train-38 epoch | loss:0.00042126 | acc:0.7973
############# Starting Epoch 39 | LR: 0.001 #############
Train-39 epoch | loss:0.00041958 | acc:0.7982
##### Epoch 39 | gt mAP: 0.6252470656143927 | rcnn mAP: 0.6081487617303446 #####
############# Starting Epoch 40 | LR: 0.001 #############
Train-40 epoch | loss:0.00041861 | acc:0.7992
############# Starting Epoch 41 | LR: 0.001 #############
Train-41 epoch | loss:0.00041697 | acc:0.8006
############# Starting Epoch 42 | LR: 0.001 #############
Train-42 epoch | loss:0.00041608 | acc:0.8014
############# Starting Epoch 43 | LR: 0.001 #############
Train-43 epoch | loss:0.00041456 | acc:0.8023
############# Starting Epoch 44 | LR: 0.001 #############
Train-44 epoch | loss:0.00041350 | acc:0.8033
##### Epoch 44 | gt mAP: 0.6268648709043481 | rcnn mAP: 0.6084269438983767 #####
############# Starting Epoch 45 | LR: 0.001 #############
Train-45 epoch | loss:0.00041210 | acc:0.8040
############# Starting Epoch 46 | LR: 0.001 #############
Train-46 epoch | loss:0.00041221 | acc:0.8039
############# Starting Epoch 47 | LR: 0.001 #############
Train-47 epoch | loss:0.00040973 | acc:0.8060
############# Starting Epoch 48 | LR: 0.001 #############
Train-48 epoch | loss:0.00040948 | acc:0.8063
############# Starting Epoch 49 | LR: 0.001 #############
Train-49 epoch | loss:0.00040913 | acc:0.8061
##### Epoch 49 | gt mAP: 0.6240561722569422 | rcnn mAP: 0.6075584515212772 #####
############# Starting Epoch 50 | LR: 0.001 #############
Train-50 epoch | loss:0.00040724 | acc:0.8074
############# Starting Epoch 51 | LR: 0.001 #############
Train-51 epoch | loss:0.00040702 | acc:0.8081
############# Starting Epoch 52 | LR: 0.001 #############
Train-52 epoch | loss:0.00040541 | acc:0.8089
############# Starting Epoch 53 | LR: 0.001 #############
Train-53 epoch | loss:0.00040539 | acc:0.8087
############# Starting Epoch 54 | LR: 0.001 #############
Train-54 epoch | loss:0.00040420 | acc:0.8100
##### Epoch 54 | gt mAP: 0.6331920143538127 | rcnn mAP: 0.6171807915180245 #####
############# Starting Epoch 55 | LR: 0.001 #############
Train-55 epoch | loss:0.00040304 | acc:0.8106
############# Starting Epoch 56 | LR: 0.001 #############
Train-56 epoch | loss:0.00040226 | acc:0.8111
############# Starting Epoch 57 | LR: 0.001 #############
Train-57 epoch | loss:0.00040210 | acc:0.8114
############# Starting Epoch 58 | LR: 0.001 #############
Train-58 epoch | loss:0.00040042 | acc:0.8126
############# Starting Epoch 59 | LR: 0.001 #############
Train-59 epoch | loss:0.00040038 | acc:0.8128
##### Epoch 59 | gt mAP: 0.6374385793285935 | rcnn mAP: 0.6200448173614497 #####
############# Starting Epoch 60 | LR: 0.001 #############
Train-60 epoch | loss:0.00039946 | acc:0.8132
############# Starting Epoch 61 | LR: 0.001 #############
Train-61 epoch | loss:0.00039896 | acc:0.8136
############# Starting Epoch 62 | LR: 0.001 #############
Train-62 epoch | loss:0.00039751 | acc:0.8148
############# Starting Epoch 63 | LR: 0.001 #############
Train-63 epoch | loss:0.00039764 | acc:0.8146
############# Starting Epoch 64 | LR: 0.001 #############
Train-64 epoch | loss:0.00039617 | acc:0.8157
##### Epoch 64 | gt mAP: 0.6402782556515697 | rcnn mAP: 0.6219635058810585 #####
############# Starting Epoch 65 | LR: 0.001 #############
Train-65 epoch | loss:0.00039618 | acc:0.8159
############# Starting Epoch 66 | LR: 0.001 #############
Train-66 epoch | loss:0.00039537 | acc:0.8160
############# Starting Epoch 67 | LR: 0.001 #############
Train-67 epoch | loss:0.00039459 | acc:0.8171
############# Starting Epoch 68 | LR: 0.001 #############
Train-68 epoch | loss:0.00039444 | acc:0.8171
############# Starting Epoch 69 | LR: 0.001 #############
Train-69 epoch | loss:0.00039329 | acc:0.8175
##### Epoch 69 | gt mAP: 0.6432992325616813 | rcnn mAP: 0.6242290399900331 #####
############# Starting Epoch 70 | LR: 0.001 #############
******************************
Namespace(board=True, cfg='./configs/coco/resnet/256x192_res18_lr1e-3_1x.yaml', debug=False, detector='yolo', device=device(type='cuda', index=0), dist_backend='nccl', dist_url='tcp://192.168.1.214:23345', exp_id='mytrain', gpus=[0], launcher='none', map=True, nThreads=60, rank=-1, snapshot=5, sync=False, work_dir='./exp/mytrain-256x192_res18_lr1e-3_1x.yaml/', world_size=4)
******************************
{'DATASET': {'TRAIN': {'TYPE': 'Mscoco', 'ROOT': './data/coco/', 'IMG_PREFIX': 'train2017', 'ANN': 'annotations/person_keypoints_train2017.json', 'AUG': {'FLIP': True, 'ROT_FACTOR': 40, 'SCALE_FACTOR': 0.3, 'NUM_JOINTS_HALF_BODY': 8, 'PROB_HALF_BODY': -1}}, 'VAL': {'TYPE': 'Mscoco', 'ROOT': './data/coco/', 'IMG_PREFIX': 'val2017', 'ANN': 'annotations/person_keypoints_val2017.json'}, 'TEST': {'TYPE': 'Mscoco_det', 'ROOT': './data/coco/', 'IMG_PREFIX': 'val2017', 'DET_FILE': './exp/json/test_det_yolo.json', 'ANN': 'annotations/person_keypoints_val2017.json'}}, 'DATA_PRESET': {'TYPE': 'simple', 'SIGMA': 2, 'NUM_JOINTS': 17, 'IMAGE_SIZE': [256, 192], 'HEATMAP_SIZE': [64, 48]}, 'MODEL': {'TYPE': 'FastPose', 'PRETRAINED': './exp/mytrain-256x192_res18_lr1e-3_1x.yaml/model_69.pth', 'TRY_LOAD': '', 'NUM_DECONV_FILTERS': [256, 256, 256], 'NUM_LAYERS': 18}, 'DETECTOR': {'NAME': 'yolo', 'CONFIG': 'detector/yolo/cfg/yolov3-spp.cfg', 'WEIGHTS': 'detector/yolo/data/yolov3-spp.weights', 'NMS_THRES': 0.6, 'CONFIDENCE': 0.05}, 'TRAIN': {'WORLD_SIZE': 4, 'BATCH_SIZE': 32, 'BEGIN_EPOCH': 0, 'END_EPOCH': 200, 'OPTIMIZER': 'adam', 'LR': 0.001, 'LR_FACTOR': 0.1, 'LR_STEP': [90, 120], 'DPG_MILESTONE': 140, 'DPG_STEP': [20, 50]}, 'FILE_NAME': '256x192_res18_lr1e-3_1x.yaml'}
******************************
Loading model from ./exp/mytrain-256x192_res18_lr1e-3_1x.yaml/model_69.pth...
--------------------- Starting Epoch 0 | LR: 0.001 ---------------------
******************************
Namespace(board=True, cfg='./configs/coco/resnet/256x192_res18_lr1e-3_1x.yaml', debug=False, detector='yolo', device=device(type='cuda', index=0), dist_backend='nccl', dist_url='tcp://192.168.1.214:23345', exp_id='mytrain', gpus=[0], launcher='none', map=True, nThreads=60, rank=-1, snapshot=5, sync=False, work_dir='./exp/mytrain-256x192_res18_lr1e-3_1x.yaml/', world_size=4)
******************************
{'DATASET': {'TRAIN': {'TYPE': 'Mscoco', 'ROOT': './data/coco/', 'IMG_PREFIX': 'train2017', 'ANN': 'annotations/person_keypoints_train2017.json', 'AUG': {'FLIP': True, 'ROT_FACTOR': 40, 'SCALE_FACTOR': 0.3, 'NUM_JOINTS_HALF_BODY': 8, 'PROB_HALF_BODY': -1}}, 'VAL': {'TYPE': 'Mscoco', 'ROOT': './data/coco/', 'IMG_PREFIX': 'val2017', 'ANN': 'annotations/person_keypoints_val2017.json'}, 'TEST': {'TYPE': 'Mscoco_det', 'ROOT': './data/coco/', 'IMG_PREFIX': 'val2017', 'DET_FILE': './exp/json/test_det_yolo.json', 'ANN': 'annotations/person_keypoints_val2017.json'}}, 'DATA_PRESET': {'TYPE': 'simple', 'SIGMA': 2, 'NUM_JOINTS': 17, 'IMAGE_SIZE': [256, 192], 'HEATMAP_SIZE': [64, 48]}, 'MODEL': {'TYPE': 'FastPose', 'PRETRAINED': './exp/mytrain-256x192_res18_lr1e-3_1x.yaml/model_69.pth', 'TRY_LOAD': '', 'NUM_DECONV_FILTERS': [256, 256, 256], 'NUM_LAYERS': 18}, 'DETECTOR': {'NAME': 'yolo', 'CONFIG': 'detector/yolo/cfg/yolov3-spp.cfg', 'WEIGHTS': 'detector/yolo/data/yolov3-spp.weights', 'NMS_THRES': 0.6, 'CONFIDENCE': 0.05}, 'TRAIN': {'WORLD_SIZE': 4, 'BATCH_SIZE': 32, 'BEGIN_EPOCH': 0, 'END_EPOCH': 130, 'OPTIMIZER': 'adam', 'LR': 0.001, 'LR_FACTOR': 0.1, 'LR_STEP': [20, 50], 'DPG_MILESTONE': 70, 'DPG_STEP': [20, 50]}, 'FILE_NAME': '256x192_res18_lr1e-3_1x.yaml'}
******************************
Loading model from ./exp/mytrain-256x192_res18_lr1e-3_1x.yaml/model_69.pth...
--------------------- Starting Epoch 0 | LR: 0.001 ---------------------
Train-0 epoch | loss:0.00039207 | acc:0.8184
--------------------- Starting Epoch 1 | LR: 0.001 ---------------------
Train-1 epoch | loss:0.00039224 | acc:0.8188
--------------------- Starting Epoch 2 | LR: 0.001 ---------------------
Train-2 epoch | loss:0.00039216 | acc:0.8186
--------------------- Starting Epoch 3 | LR: 0.001 ---------------------
Train-3 epoch | loss:0.00039154 | acc:0.8190
--------------------- Starting Epoch 4 | LR: 0.001 ---------------------
Train-4 epoch | loss:0.00039128 | acc:0.8191
##### Epoch 4 | gt mAP: 0.6448197089212728 | rcnn mAP: 0.6276061998250821 #####
--------------------- Starting Epoch 5 | LR: 0.001 ---------------------
Train-5 epoch | loss:0.00038936 | acc:0.8207
--------------------- Starting Epoch 6 | LR: 0.001 ---------------------
Train-6 epoch | loss:0.00038942 | acc:0.8205
--------------------- Starting Epoch 7 | LR: 0.001 ---------------------
Train-7 epoch | loss:0.00038896 | acc:0.8212
--------------------- Starting Epoch 8 | LR: 0.001 ---------------------
Train-8 epoch | loss:0.00038841 | acc:0.8212
--------------------- Starting Epoch 9 | LR: 0.001 ---------------------
Train-9 epoch | loss:0.00038790 | acc:0.8222
##### Epoch 9 | gt mAP: 0.6468512849575234 | rcnn mAP: 0.6272826073291893 #####
--------------------- Starting Epoch 10 | LR: 0.001 ---------------------
Train-10 epoch | loss:0.00038754 | acc:0.8222
--------------------- Starting Epoch 11 | LR: 0.001 ---------------------
Train-11 epoch | loss:0.00038679 | acc:0.8224
--------------------- Starting Epoch 12 | LR: 0.001 ---------------------
Train-12 epoch | loss:0.00038674 | acc:0.8226
--------------------- Starting Epoch 13 | LR: 0.001 ---------------------
Train-13 epoch | loss:0.00038566 | acc:0.8233
--------------------- Starting Epoch 14 | LR: 0.001 ---------------------
Train-14 epoch | loss:0.00038527 | acc:0.8237
##### Epoch 14 | gt mAP: 0.6501190142513289 | rcnn mAP: 0.6312265702986374 #####
--------------------- Starting Epoch 15 | LR: 0.001 ---------------------
Train-15 epoch | loss:0.00038486 | acc:0.8237
--------------------- Starting Epoch 16 | LR: 0.001 ---------------------
Train-16 epoch | loss:0.00038466 | acc:0.8240
--------------------- Starting Epoch 17 | LR: 0.001 ---------------------
Train-17 epoch | loss:0.00038387 | acc:0.8249
--------------------- Starting Epoch 18 | LR: 0.001 ---------------------
Train-18 epoch | loss:0.00038316 | acc:0.8251
--------------------- Starting Epoch 19 | LR: 0.001 ---------------------
Train-19 epoch | loss:0.00038277 | acc:0.8254
##### Epoch 19 | gt mAP: 0.6493938376443562 | rcnn mAP: 0.6311269280645184 #####
--------------------- Starting Epoch 20 | LR: 0.0001 ---------------------
Train-20 epoch | loss:0.00037205 | acc:0.8323
--------------------- Starting Epoch 21 | LR: 0.0001 ---------------------
Train-21 epoch | loss:0.00036651 | acc:0.8365
--------------------- Starting Epoch 22 | LR: 0.0001 ---------------------
Train-22 epoch | loss:0.00036421 | acc:0.8380
--------------------- Starting Epoch 23 | LR: 0.0001 ---------------------
Train-23 epoch | loss:0.00036357 | acc:0.8383
--------------------- Starting Epoch 24 | LR: 0.0001 ---------------------
Train-24 epoch | loss:0.00036272 | acc:0.8390
##### Epoch 24 | gt mAP: 0.6669863459404386 | rcnn mAP: 0.6468522731069617 #####
--------------------- Starting Epoch 25 | LR: 0.0001 ---------------------
Train-25 epoch | loss:0.00036170 | acc:0.8397
--------------------- Starting Epoch 26 | LR: 0.0001 ---------------------
Train-26 epoch | loss:0.00036066 | acc:0.8402
--------------------- Starting Epoch 27 | LR: 0.0001 ---------------------
Train-27 epoch | loss:0.00036039 | acc:0.8408
--------------------- Starting Epoch 28 | LR: 0.0001 ---------------------
Train-28 epoch | loss:0.00035964 | acc:0.8412
--------------------- Starting Epoch 29 | LR: 0.0001 ---------------------
Train-29 epoch | loss:0.00035923 | acc:0.8416
##### Epoch 29 | gt mAP: 0.6690967461328924 | rcnn mAP: 0.6492477274660584 #####
--------------------- Starting Epoch 30 | LR: 0.0001 ---------------------
Train-30 epoch | loss:0.00035860 | acc:0.8422
--------------------- Starting Epoch 31 | LR: 0.0001 ---------------------
Train-31 epoch | loss:0.00035810 | acc:0.8422
--------------------- Starting Epoch 32 | LR: 0.0001 ---------------------
Train-32 epoch | loss:0.00035824 | acc:0.8427
--------------------- Starting Epoch 33 | LR: 0.0001 ---------------------
Train-33 epoch | loss:0.00035734 | acc:0.8430
--------------------- Starting Epoch 34 | LR: 0.0001 ---------------------
Train-34 epoch | loss:0.00035725 | acc:0.8432
##### Epoch 34 | gt mAP: 0.669715395014252 | rcnn mAP: 0.6502088356544603 #####
--------------------- Starting Epoch 35 | LR: 0.0001 ---------------------
Train-35 epoch | loss:0.00035728 | acc:0.8429
--------------------- Starting Epoch 36 | LR: 0.0001 ---------------------
Train-36 epoch | loss:0.00035719 | acc:0.8429
--------------------- Starting Epoch 37 | LR: 0.0001 ---------------------
Train-37 epoch | loss:0.00035628 | acc:0.8435
--------------------- Starting Epoch 38 | LR: 0.0001 ---------------------
Train-38 epoch | loss:0.00035556 | acc:0.8442
--------------------- Starting Epoch 39 | LR: 0.0001 ---------------------
Train-39 epoch | loss:0.00035531 | acc:0.8443
##### Epoch 39 | gt mAP: 0.6704090075907433 | rcnn mAP: 0.6502851092216316 #####
--------------------- Starting Epoch 40 | LR: 0.0001 ---------------------
Train-40 epoch | loss:0.00035500 | acc:0.8446
--------------------- Starting Epoch 41 | LR: 0.0001 ---------------------
Train-41 epoch | loss:0.00035429 | acc:0.8452
--------------------- Starting Epoch 42 | LR: 0.0001 ---------------------
Train-42 epoch | loss:0.00035459 | acc:0.8451
--------------------- Starting Epoch 43 | LR: 0.0001 ---------------------
Train-43 epoch | loss:0.00035441 | acc:0.8448
--------------------- Starting Epoch 44 | LR: 0.0001 ---------------------
Train-44 epoch | loss:0.00035408 | acc:0.8451
##### Epoch 44 | gt mAP: 0.6702422990615281 | rcnn mAP: 0.6512151280266161 #####
--------------------- Starting Epoch 45 | LR: 0.0001 ---------------------
Train-45 epoch | loss:0.00035385 | acc:0.8455
--------------------- Starting Epoch 46 | LR: 0.0001 ---------------------
Train-46 epoch | loss:0.00035345 | acc:0.8459
--------------------- Starting Epoch 47 | LR: 0.0001 ---------------------
Train-47 epoch | loss:0.00035318 | acc:0.8461
--------------------- Starting Epoch 48 | LR: 0.0001 ---------------------
Train-48 epoch | loss:0.00035304 | acc:0.8459
--------------------- Starting Epoch 49 | LR: 0.0001 ---------------------
Train-49 epoch | loss:0.00035328 | acc:0.8463
##### Epoch 49 | gt mAP: 0.6707486839526613 | rcnn mAP: 0.6520291858716449 #####
--------------------- Starting Epoch 50 | LR: 1e-05 ---------------------
Train-50 epoch | loss:0.00035193 | acc:0.8466
--------------------- Starting Epoch 51 | LR: 1e-05 ---------------------
Train-51 epoch | loss:0.00035190 | acc:0.8466
--------------------- Starting Epoch 52 | LR: 1e-05 ---------------------
Train-52 epoch | loss:0.00035143 | acc:0.8474
--------------------- Starting Epoch 53 | LR: 1e-05 ---------------------
Train-53 epoch | loss:0.00035147 | acc:0.8468
--------------------- Starting Epoch 54 | LR: 1e-05 ---------------------
Train-54 epoch | loss:0.00035140 | acc:0.8471
##### Epoch 54 | gt mAP: 0.6720064930266864 | rcnn mAP: 0.6525375862897966 #####
--------------------- Starting Epoch 55 | LR: 1e-05 ---------------------
Train-55 epoch | loss:0.00035130 | acc:0.8474
--------------------- Starting Epoch 56 | LR: 1e-05 ---------------------
Train-56 epoch | loss:0.00035116 | acc:0.8473
--------------------- Starting Epoch 57 | LR: 1e-05 ---------------------
Train-57 epoch | loss:0.00035115 | acc:0.8471
--------------------- Starting Epoch 58 | LR: 1e-05 ---------------------
Train-58 epoch | loss:0.00035099 | acc:0.8478
--------------------- Starting Epoch 59 | LR: 1e-05 ---------------------
Train-59 epoch | loss:0.00035114 | acc:0.8473
##### Epoch 59 | gt mAP: 0.6726104690932031 | rcnn mAP: 0.6516149822382692 #####
--------------------- Starting Epoch 60 | LR: 1e-05 ---------------------
Train-60 epoch | loss:0.00035050 | acc:0.8479
--------------------- Starting Epoch 61 | LR: 1e-05 ---------------------
Train-61 epoch | loss:0.00035110 | acc:0.8476
--------------------- Starting Epoch 62 | LR: 1e-05 ---------------------
Train-62 epoch | loss:0.00035107 | acc:0.8474
--------------------- Starting Epoch 63 | LR: 1e-05 ---------------------
Train-63 epoch | loss:0.00035057 | acc:0.8479
--------------------- Starting Epoch 64 | LR: 1e-05 ---------------------
Train-64 epoch | loss:0.00035086 | acc:0.8474
##### Epoch 64 | gt mAP: 0.6729144355445602 | rcnn mAP: 0.6519670872518796 #####
--------------------- Starting Epoch 65 | LR: 1e-05 ---------------------
Train-65 epoch | loss:0.00035116 | acc:0.8474
--------------------- Starting Epoch 66 | LR: 1e-05 ---------------------
Train-66 epoch | loss:0.00035065 | acc:0.8482
--------------------- Starting Epoch 67 | LR: 1e-05 ---------------------
Train-67 epoch | loss:0.00035086 | acc:0.8475
--------------------- Starting Epoch 68 | LR: 1e-05 ---------------------
Train-68 epoch | loss:0.00035077 | acc:0.8474
--------------------- Starting Epoch 69 | LR: 1e-05 ---------------------
Train-69 epoch | loss:0.00035074 | acc:0.8475
##### Epoch 69 | gt mAP: 0.6732004018564695 | rcnn mAP: 0.6515834589084704 #####
--------------------- Starting Epoch 70 | LR: 1e-05 ---------------------
Train-70 epoch | loss:0.00035074 | acc:0.8477
--------------------- Starting Epoch 71 | LR: 0.001 ---------------------
Train-71 epoch | loss:0.00039837 | acc:0.8103
--------------------- Starting Epoch 72 | LR: 0.001 ---------------------
Train-72 epoch | loss:0.00039983 | acc:0.8094
--------------------- Starting Epoch 73 | LR: 0.001 ---------------------
Train-73 epoch | loss:0.00040090 | acc:0.8085
--------------------- Starting Epoch 74 | LR: 0.001 ---------------------
Train-74 epoch | loss:0.00040091 | acc:0.8085
##### Epoch 74 | gt mAP: 0.6511060971823923 | rcnn mAP: 0.6329041165941173 #####
--------------------- Starting Epoch 75 | LR: 0.001 ---------------------
Train-75 epoch | loss:0.00040133 | acc:0.8084
--------------------- Starting Epoch 76 | LR: 0.001 ---------------------
Train-76 epoch | loss:0.00040007 | acc:0.8092
--------------------- Starting Epoch 77 | LR: 0.001 ---------------------
Train-77 epoch | loss:0.00040064 | acc:0.8085
--------------------- Starting Epoch 78 | LR: 0.001 ---------------------
Train-78 epoch | loss:0.00040020 | acc:0.8095
--------------------- Starting Epoch 79 | LR: 0.001 ---------------------
Train-79 epoch | loss:0.00039957 | acc:0.8098
##### Epoch 79 | gt mAP: 0.6540929799348452 | rcnn mAP: 0.6329749567884704 #####
--------------------- Starting Epoch 80 | LR: 0.001 ---------------------
Train-80 epoch | loss:0.00039988 | acc:0.8093
--------------------- Starting Epoch 81 | LR: 0.001 ---------------------
Train-81 epoch | loss:0.00039835 | acc:0.8102
--------------------- Starting Epoch 82 | LR: 0.001 ---------------------
Train-82 epoch | loss:0.00039838 | acc:0.8103
--------------------- Starting Epoch 83 | LR: 0.001 ---------------------
Train-83 epoch | loss:0.00039875 | acc:0.8106
--------------------- Starting Epoch 84 | LR: 0.001 ---------------------
Train-84 epoch | loss:0.00039751 | acc:0.8110
##### Epoch 84 | gt mAP: 0.6534955059578276 | rcnn mAP: 0.6355104729536459 #####
--------------------- Starting Epoch 85 | LR: 0.001 ---------------------
Train-85 epoch | loss:0.00039835 | acc:0.8102
--------------------- Starting Epoch 86 | LR: 0.001 ---------------------
Train-86 epoch | loss:0.00039716 | acc:0.8116
--------------------- Starting Epoch 87 | LR: 0.001 ---------------------
Train-87 epoch | loss:0.00039747 | acc:0.8113
--------------------- Starting Epoch 88 | LR: 0.001 ---------------------
Train-88 epoch | loss:0.00039709 | acc:0.8111
--------------------- Starting Epoch 89 | LR: 0.001 ---------------------
Train-89 epoch | loss:0.00039668 | acc:0.8116
##### Epoch 89 | gt mAP: 0.655363545542838 | rcnn mAP: 0.6370786561024934 #####
--------------------- Starting Epoch 90 | LR: 0.001 ---------------------
Train-90 epoch | loss:0.00039608 | acc:0.8119
--------------------- Starting Epoch 91 | LR: 0.0001 ---------------------
Train-91 epoch | loss:0.00038475 | acc:0.8192
--------------------- Starting Epoch 92 | LR: 0.0001 ---------------------
Train-92 epoch | loss:0.00037998 | acc:0.8227
--------------------- Starting Epoch 93 | LR: 0.0001 ---------------------
Train-93 epoch | loss:0.00037802 | acc:0.8242
--------------------- Starting Epoch 94 | LR: 0.0001 ---------------------
Train-94 epoch | loss:0.00037748 | acc:0.8249
##### Epoch 94 | gt mAP: 0.6707671192451293 | rcnn mAP: 0.6525607586396759 #####
--------------------- Starting Epoch 95 | LR: 0.0001 ---------------------
Train-95 epoch | loss:0.00037636 | acc:0.8258
--------------------- Starting Epoch 96 | LR: 0.0001 ---------------------
Train-96 epoch | loss:0.00037539 | acc:0.8266
--------------------- Starting Epoch 97 | LR: 0.0001 ---------------------
Train-97 epoch | loss:0.00037512 | acc:0.8266
--------------------- Starting Epoch 98 | LR: 0.0001 ---------------------
Train-98 epoch | loss:0.00037440 | acc:0.8268
--------------------- Starting Epoch 99 | LR: 0.0001 ---------------------
Train-99 epoch | loss:0.00037344 | acc:0.8275
##### Epoch 99 | gt mAP: 0.6736861809986551 | rcnn mAP: 0.6537675378478757 #####
--------------------- Starting Epoch 100 | LR: 0.0001 ---------------------
Train-100 epoch | loss:0.00037345 | acc:0.8276
--------------------- Starting Epoch 101 | LR: 0.0001 ---------------------
Train-101 epoch | loss:0.00037290 | acc:0.8277
--------------------- Starting Epoch 102 | LR: 0.0001 ---------------------
Train-102 epoch | loss:0.00037238 | acc:0.8283
--------------------- Starting Epoch 103 | LR: 0.0001 ---------------------
Train-103 epoch | loss:0.00037188 | acc:0.8285
--------------------- Starting Epoch 104 | LR: 0.0001 ---------------------
Train-104 epoch | loss:0.00037231 | acc:0.8288
##### Epoch 104 | gt mAP: 0.6755995088839393 | rcnn mAP: 0.6541377739238414 #####
--------------------- Starting Epoch 105 | LR: 0.0001 ---------------------
Train-105 epoch | loss:0.00037132 | acc:0.8293
--------------------- Starting Epoch 106 | LR: 0.0001 ---------------------
Train-106 epoch | loss:0.00037168 | acc:0.8293
--------------------- Starting Epoch 107 | LR: 0.0001 ---------------------
Train-107 epoch | loss:0.00037067 | acc:0.8297
--------------------- Starting Epoch 108 | LR: 0.0001 ---------------------
Train-108 epoch | loss:0.00037121 | acc:0.8290
--------------------- Starting Epoch 109 | LR: 0.0001 ---------------------
Train-109 epoch | loss:0.00037003 | acc:0.8299
##### Epoch 109 | gt mAP: 0.6766869854294802 | rcnn mAP: 0.6548302386047891 #####
--------------------- Starting Epoch 110 | LR: 0.0001 ---------------------
Train-110 epoch | loss:0.00037056 | acc:0.8294
--------------------- Starting Epoch 111 | LR: 0.0001 ---------------------
Train-111 epoch | loss:0.00036939 | acc:0.8307
--------------------- Starting Epoch 112 | LR: 0.0001 ---------------------
Train-112 epoch | loss:0.00036929 | acc:0.8304
--------------------- Starting Epoch 113 | LR: 0.0001 ---------------------
Train-113 epoch | loss:0.00036992 | acc:0.8304
--------------------- Starting Epoch 114 | LR: 0.0001 ---------------------
Train-114 epoch | loss:0.00036916 | acc:0.8308
##### Epoch 114 | gt mAP: 0.676447031506812 | rcnn mAP: 0.656345014479401 #####
--------------------- Starting Epoch 115 | LR: 0.0001 ---------------------
Train-115 epoch | loss:0.00036902 | acc:0.8308
--------------------- Starting Epoch 116 | LR: 0.0001 ---------------------
Train-116 epoch | loss:0.00036825 | acc:0.8315
--------------------- Starting Epoch 117 | LR: 0.0001 ---------------------
Train-117 epoch | loss:0.00036825 | acc:0.8311
--------------------- Starting Epoch 118 | LR: 0.0001 ---------------------
Train-118 epoch | loss:0.00036864 | acc:0.8309
--------------------- Starting Epoch 119 | LR: 0.0001 ---------------------
Train-119 epoch | loss:0.00036783 | acc:0.8315
##### Epoch 119 | gt mAP: 0.677113811125998 | rcnn mAP: 0.656419169343465 #####
--------------------- Starting Epoch 120 | LR: 0.0001 ---------------------
Train-120 epoch | loss:0.00036797 | acc:0.8313
--------------------- Starting Epoch 121 | LR: 1e-05 ---------------------
Train-121 epoch | loss:0.00036745 | acc:0.8315
--------------------- Starting Epoch 122 | LR: 1e-05 ---------------------
Train-122 epoch | loss:0.00036680 | acc:0.8329
--------------------- Starting Epoch 123 | LR: 1e-05 ---------------------
Train-123 epoch | loss:0.00036681 | acc:0.8324
--------------------- Starting Epoch 124 | LR: 1e-05 ---------------------
Train-124 epoch | loss:0.00036714 | acc:0.8319
##### Epoch 124 | gt mAP: 0.6778540924551294 | rcnn mAP: 0.6569976875617306 #####
--------------------- Starting Epoch 125 | LR: 1e-05 ---------------------
Train-125 epoch | loss:0.00036605 | acc:0.8329
--------------------- Starting Epoch 126 | LR: 1e-05 ---------------------
Train-126 epoch | loss:0.00036643 | acc:0.8328
--------------------- Starting Epoch 127 | LR: 1e-05 ---------------------
Train-127 epoch | loss:0.00036568 | acc:0.8331
--------------------- Starting Epoch 128 | LR: 1e-05 ---------------------
Train-128 epoch | loss:0.00036646 | acc:0.8327
--------------------- Starting Epoch 129 | LR: 1e-05 ---------------------
Train-129 epoch | loss:0.00036659 | acc:0.8321
##### Epoch 129 | gt mAP: 0.6779908847499022 | rcnn mAP: 0.6581002164252762 #####
