******************************
Namespace(board=True, cfg='./configs/coco/resnet/256x192_res18_lr1e-3_1x.yaml', debug=False, detector='yolo', device=device(type='cuda', index=0), dist_backend='nccl', dist_url='tcp://192.168.1.214:23345', exp_id='mytrain', gpus=[0], launcher='none', map=True, nThreads=60, rank=-1, snapshot=2, sync=False, work_dir='./exp/mytrain-256x192_res18_lr1e-3_1x.yaml/', world_size=4)
******************************
{'DATASET': {'TRAIN': {'TYPE': 'Mscoco', 'ROOT': './data/coco/', 'IMG_PREFIX': 'train2017', 'ANN': 'annotations/person_keypoints_train2017.json', 'AUG': {'FLIP': True, 'ROT_FACTOR': 40, 'SCALE_FACTOR': 0.3, 'NUM_JOINTS_HALF_BODY': 8, 'PROB_HALF_BODY': -1}}, 'VAL': {'TYPE': 'Mscoco', 'ROOT': './data/coco/', 'IMG_PREFIX': 'val2017', 'ANN': 'annotations/person_keypoints_val2017.json'}, 'TEST': {'TYPE': 'Mscoco_det', 'ROOT': './data/coco/', 'IMG_PREFIX': 'val2017', 'DET_FILE': './exp/json/test_det_yolo.json', 'ANN': 'annotations/person_keypoints_val2017.json'}}, 'DATA_PRESET': {'TYPE': 'simple', 'SIGMA': 2, 'NUM_JOINTS': 17, 'IMAGE_SIZE': [256, 192], 'HEATMAP_SIZE': [64, 48]}, 'MODEL': {'TYPE': 'FastPose', 'PRETRAINED': '', 'TRY_LOAD': '', 'NUM_DECONV_FILTERS': [256, 256, 256], 'NUM_LAYERS': 18}, 'DETECTOR': {'NAME': 'yolo', 'CONFIG': 'detector/yolo/cfg/yolov3-spp.cfg', 'WEIGHTS': 'detector/yolo/data/yolov3-spp.weights', 'NMS_THRES': 0.6, 'CONFIDENCE': 0.05}, 'TRAIN': {'WORLD_SIZE': 4, 'BATCH_SIZE': 1, 'BEGIN_EPOCH': 0, 'END_EPOCH': 200, 'OPTIMIZER': 'adam', 'LR': 0.001, 'LR_FACTOR': 0.1, 'LR_STEP': [90, 120], 'DPG_MILESTONE': 140, 'DPG_STEP': [20, 50]}, 'FILE_NAME': '256x192_res18_lr1e-3_1x.yaml'}
******************************
******************************
Namespace(board=True, cfg='./configs/coco/resnet/256x192_res18_lr1e-3_1x.yaml', debug=False, detector='yolo', device=device(type='cuda', index=0), dist_backend='nccl', dist_url='tcp://192.168.1.214:23345', exp_id='mytrain', gpus=[0], launcher='none', map=True, nThreads=60, rank=-1, snapshot=2, sync=False, work_dir='./exp/mytrain-256x192_res18_lr1e-3_1x.yaml/', world_size=4)
******************************
{'DATASET': {'TRAIN': {'TYPE': 'Mscoco', 'ROOT': './data/coco/', 'IMG_PREFIX': 'train2017', 'ANN': 'annotations/person_keypoints_train2017.json', 'AUG': {'FLIP': True, 'ROT_FACTOR': 40, 'SCALE_FACTOR': 0.3, 'NUM_JOINTS_HALF_BODY': 8, 'PROB_HALF_BODY': -1}}, 'VAL': {'TYPE': 'Mscoco', 'ROOT': './data/coco/', 'IMG_PREFIX': 'val2017', 'ANN': 'annotations/person_keypoints_val2017.json'}, 'TEST': {'TYPE': 'Mscoco_det', 'ROOT': './data/coco/', 'IMG_PREFIX': 'val2017', 'DET_FILE': './exp/json/test_det_yolo.json', 'ANN': 'annotations/person_keypoints_val2017.json'}}, 'DATA_PRESET': {'TYPE': 'simple', 'SIGMA': 2, 'NUM_JOINTS': 17, 'IMAGE_SIZE': [256, 192], 'HEATMAP_SIZE': [64, 48]}, 'MODEL': {'TYPE': 'FastPose', 'PRETRAINED': '', 'TRY_LOAD': '', 'NUM_DECONV_FILTERS': [256, 256, 256], 'NUM_LAYERS': 34}, 'DETECTOR': {'NAME': 'yolo', 'CONFIG': 'detector/yolo/cfg/yolov3-spp.cfg', 'WEIGHTS': 'detector/yolo/data/yolov3-spp.weights', 'NMS_THRES': 0.6, 'CONFIDENCE': 0.05}, 'TRAIN': {'WORLD_SIZE': 4, 'BATCH_SIZE': 1, 'BEGIN_EPOCH': 0, 'END_EPOCH': 200, 'OPTIMIZER': 'adam', 'LR': 0.001, 'LR_FACTOR': 0.1, 'LR_STEP': [90, 120], 'DPG_MILESTONE': 140, 'DPG_STEP': [20, 50]}, 'FILE_NAME': '256x192_res18_lr1e-3_1x.yaml'}
******************************
******************************
Namespace(board=True, cfg='./configs/coco/resnet/256x192_res18_lr1e-3_1x.yaml', debug=False, detector='yolo', device=device(type='cuda', index=0), dist_backend='nccl', dist_url='tcp://192.168.1.214:23345', exp_id='mytrain', gpus=[0], launcher='none', map=True, nThreads=60, rank=-1, snapshot=2, sync=False, work_dir='./exp/mytrain-256x192_res18_lr1e-3_1x.yaml/', world_size=4)
******************************
{'DATASET': {'TRAIN': {'TYPE': 'Mscoco', 'ROOT': './data/coco/', 'IMG_PREFIX': 'train2017', 'ANN': 'annotations/person_keypoints_train2017.json', 'AUG': {'FLIP': True, 'ROT_FACTOR': 40, 'SCALE_FACTOR': 0.3, 'NUM_JOINTS_HALF_BODY': 8, 'PROB_HALF_BODY': -1}}, 'VAL': {'TYPE': 'Mscoco', 'ROOT': './data/coco/', 'IMG_PREFIX': 'val2017', 'ANN': 'annotations/person_keypoints_val2017.json'}, 'TEST': {'TYPE': 'Mscoco_det', 'ROOT': './data/coco/', 'IMG_PREFIX': 'val2017', 'DET_FILE': './exp/json/test_det_yolo.json', 'ANN': 'annotations/person_keypoints_val2017.json'}}, 'DATA_PRESET': {'TYPE': 'simple', 'SIGMA': 2, 'NUM_JOINTS': 17, 'IMAGE_SIZE': [256, 192], 'HEATMAP_SIZE': [64, 48]}, 'MODEL': {'TYPE': 'FastPose', 'PRETRAINED': '', 'TRY_LOAD': '', 'NUM_DECONV_FILTERS': [256, 256, 256], 'NUM_LAYERS': 18}, 'DETECTOR': {'NAME': 'yolo', 'CONFIG': 'detector/yolo/cfg/yolov3-spp.cfg', 'WEIGHTS': 'detector/yolo/data/yolov3-spp.weights', 'NMS_THRES': 0.6, 'CONFIDENCE': 0.05}, 'TRAIN': {'WORLD_SIZE': 4, 'BATCH_SIZE': 1, 'BEGIN_EPOCH': 0, 'END_EPOCH': 200, 'OPTIMIZER': 'adam', 'LR': 0.001, 'LR_FACTOR': 0.1, 'LR_STEP': [90, 120], 'DPG_MILESTONE': 140, 'DPG_STEP': [20, 50]}, 'FILE_NAME': '256x192_res18_lr1e-3_1x.yaml'}
******************************
******************************
Namespace(board=True, cfg='./configs/coco/resnet/256x192_res18_lr1e-3_1x.yaml', debug=False, detector='yolo', device=device(type='cuda', index=0), dist_backend='nccl', dist_url='tcp://192.168.1.214:23345', exp_id='mytrain', gpus=[0], launcher='none', map=True, nThreads=60, rank=-1, snapshot=2, sync=False, work_dir='./exp/mytrain-256x192_res18_lr1e-3_1x.yaml/', world_size=4)
******************************
{'DATASET': {'TRAIN': {'TYPE': 'Mscoco', 'ROOT': './data/coco/', 'IMG_PREFIX': 'train2017', 'ANN': 'annotations/person_keypoints_train2017.json', 'AUG': {'FLIP': True, 'ROT_FACTOR': 40, 'SCALE_FACTOR': 0.3, 'NUM_JOINTS_HALF_BODY': 8, 'PROB_HALF_BODY': -1}}, 'VAL': {'TYPE': 'Mscoco', 'ROOT': './data/coco/', 'IMG_PREFIX': 'val2017', 'ANN': 'annotations/person_keypoints_val2017.json'}, 'TEST': {'TYPE': 'Mscoco_det', 'ROOT': './data/coco/', 'IMG_PREFIX': 'val2017', 'DET_FILE': './exp/json/test_det_yolo.json', 'ANN': 'annotations/person_keypoints_val2017.json'}}, 'DATA_PRESET': {'TYPE': 'simple', 'SIGMA': 2, 'NUM_JOINTS': 17, 'IMAGE_SIZE': [256, 192], 'HEATMAP_SIZE': [64, 48]}, 'MODEL': {'TYPE': 'FastPose', 'PRETRAINED': '', 'TRY_LOAD': '', 'NUM_DECONV_FILTERS': [256, 256, 256], 'NUM_LAYERS': 18}, 'DETECTOR': {'NAME': 'yolo', 'CONFIG': 'detector/yolo/cfg/yolov3-spp.cfg', 'WEIGHTS': 'detector/yolo/data/yolov3-spp.weights', 'NMS_THRES': 0.6, 'CONFIDENCE': 0.05}, 'TRAIN': {'WORLD_SIZE': 4, 'BATCH_SIZE': 1, 'BEGIN_EPOCH': 0, 'END_EPOCH': 200, 'OPTIMIZER': 'adam', 'LR': 0.001, 'LR_FACTOR': 0.1, 'LR_STEP': [90, 120], 'DPG_MILESTONE': 140, 'DPG_STEP': [20, 50]}, 'FILE_NAME': '256x192_res18_lr1e-3_1x.yaml'}
******************************
Create new model
=> init weights
############# Starting Epoch 0 | LR: 0.001 #############
******************************
Namespace(board=True, cfg='./configs/coco/resnet/256x192_res18_lr1e-3_1x.yaml', debug=False, detector='yolo', device=device(type='cuda', index=0), dist_backend='nccl', dist_url='tcp://192.168.1.214:23345', exp_id='mytrain', gpus=[0], launcher='none', map=True, nThreads=60, rank=-1, snapshot=2, sync=False, work_dir='./exp/mytrain-256x192_res18_lr1e-3_1x.yaml/', world_size=4)
******************************
{'DATASET': {'TRAIN': {'TYPE': 'Mscoco', 'ROOT': './data/coco/', 'IMG_PREFIX': 'train2017', 'ANN': 'annotations/person_keypoints_train2017.json', 'AUG': {'FLIP': True, 'ROT_FACTOR': 40, 'SCALE_FACTOR': 0.3, 'NUM_JOINTS_HALF_BODY': 8, 'PROB_HALF_BODY': -1}}, 'VAL': {'TYPE': 'Mscoco', 'ROOT': './data/coco/', 'IMG_PREFIX': 'val2017', 'ANN': 'annotations/person_keypoints_val2017.json'}, 'TEST': {'TYPE': 'Mscoco_det', 'ROOT': './data/coco/', 'IMG_PREFIX': 'val2017', 'DET_FILE': './exp/json/test_det_yolo.json', 'ANN': 'annotations/person_keypoints_val2017.json'}}, 'DATA_PRESET': {'TYPE': 'simple', 'SIGMA': 2, 'NUM_JOINTS': 17, 'IMAGE_SIZE': [256, 192], 'HEATMAP_SIZE': [64, 48]}, 'MODEL': {'TYPE': 'FastPose', 'PRETRAINED': '', 'TRY_LOAD': '', 'NUM_DECONV_FILTERS': [256, 256, 256], 'NUM_LAYERS': 18}, 'DETECTOR': {'NAME': 'yolo', 'CONFIG': 'detector/yolo/cfg/yolov3-spp.cfg', 'WEIGHTS': 'detector/yolo/data/yolov3-spp.weights', 'NMS_THRES': 0.6, 'CONFIDENCE': 0.05}, 'TRAIN': {'WORLD_SIZE': 4, 'BATCH_SIZE': 1, 'BEGIN_EPOCH': 0, 'END_EPOCH': 200, 'OPTIMIZER': 'adam', 'LR': 0.001, 'LR_FACTOR': 0.1, 'LR_STEP': [90, 120], 'DPG_MILESTONE': 140, 'DPG_STEP': [20, 50]}, 'FILE_NAME': '256x192_res18_lr1e-3_1x.yaml'}
******************************
Create new model
=> init weights
############# Starting Epoch 0 | LR: 0.001 #############
******************************
Namespace(board=True, cfg='./configs/coco/resnet/256x192_res18_lr1e-3_1x.yaml', debug=False, detector='yolo', device=device(type='cuda', index=0), dist_backend='nccl', dist_url='tcp://192.168.1.214:23345', exp_id='mytrain', gpus=[0], launcher='none', map=True, nThreads=60, rank=-1, snapshot=2, sync=False, work_dir='./exp/mytrain-256x192_res18_lr1e-3_1x.yaml/', world_size=4)
******************************
{'DATASET': {'TRAIN': {'TYPE': 'Mscoco', 'ROOT': './data/coco/', 'IMG_PREFIX': 'train2017', 'ANN': 'annotations/person_keypoints_train2017.json', 'AUG': {'FLIP': True, 'ROT_FACTOR': 40, 'SCALE_FACTOR': 0.3, 'NUM_JOINTS_HALF_BODY': 8, 'PROB_HALF_BODY': -1}}, 'VAL': {'TYPE': 'Mscoco', 'ROOT': './data/coco/', 'IMG_PREFIX': 'val2017', 'ANN': 'annotations/person_keypoints_val2017.json'}, 'TEST': {'TYPE': 'Mscoco_det', 'ROOT': './data/coco/', 'IMG_PREFIX': 'val2017', 'DET_FILE': './exp/json/test_det_yolo.json', 'ANN': 'annotations/person_keypoints_val2017.json'}}, 'DATA_PRESET': {'TYPE': 'simple', 'SIGMA': 2, 'NUM_JOINTS': 17, 'IMAGE_SIZE': [256, 192], 'HEATMAP_SIZE': [64, 48]}, 'MODEL': {'TYPE': 'FastPose', 'PRETRAINED': '', 'TRY_LOAD': '', 'NUM_DECONV_FILTERS': [256, 256, 256], 'NUM_LAYERS': 18}, 'DETECTOR': {'NAME': 'yolo', 'CONFIG': 'detector/yolo/cfg/yolov3-spp.cfg', 'WEIGHTS': 'detector/yolo/data/yolov3-spp.weights', 'NMS_THRES': 0.6, 'CONFIDENCE': 0.05}, 'TRAIN': {'WORLD_SIZE': 4, 'BATCH_SIZE': 1, 'BEGIN_EPOCH': 0, 'END_EPOCH': 200, 'OPTIMIZER': 'adam', 'LR': 0.001, 'LR_FACTOR': 0.1, 'LR_STEP': [90, 120], 'DPG_MILESTONE': 140, 'DPG_STEP': [20, 50]}, 'FILE_NAME': '256x192_res18_lr1e-3_1x.yaml'}
******************************
Create new model
=> init weights
############# Starting Epoch 0 | LR: 0.001 #############
******************************
Namespace(board=True, cfg='./configs/coco/resnet/256x192_res18_lr1e-3_1x.yaml', debug=False, detector='yolo', device=device(type='cuda', index=0), dist_backend='nccl', dist_url='tcp://192.168.1.214:23345', exp_id='mytrain', gpus=[0], launcher='none', map=True, nThreads=60, rank=-1, snapshot=2, sync=False, work_dir='./exp/mytrain-256x192_res18_lr1e-3_1x.yaml/', world_size=4)
******************************
{'DATASET': {'TRAIN': {'TYPE': 'Mscoco', 'ROOT': './data/coco/', 'IMG_PREFIX': 'train2017', 'ANN': 'annotations/person_keypoints_train2017.json', 'AUG': {'FLIP': True, 'ROT_FACTOR': 40, 'SCALE_FACTOR': 0.3, 'NUM_JOINTS_HALF_BODY': 8, 'PROB_HALF_BODY': -1}}, 'VAL': {'TYPE': 'Mscoco', 'ROOT': './data/coco/', 'IMG_PREFIX': 'val2017', 'ANN': 'annotations/person_keypoints_val2017.json'}, 'TEST': {'TYPE': 'Mscoco_det', 'ROOT': './data/coco/', 'IMG_PREFIX': 'val2017', 'DET_FILE': './exp/json/test_det_yolo.json', 'ANN': 'annotations/person_keypoints_val2017.json'}}, 'DATA_PRESET': {'TYPE': 'simple', 'SIGMA': 2, 'NUM_JOINTS': 17, 'IMAGE_SIZE': [256, 192], 'HEATMAP_SIZE': [64, 48]}, 'MODEL': {'TYPE': 'FastPose', 'PRETRAINED': '', 'TRY_LOAD': '', 'NUM_DECONV_FILTERS': [256, 256, 256], 'NUM_LAYERS': 18}, 'DETECTOR': {'NAME': 'yolo', 'CONFIG': 'detector/yolo/cfg/yolov3-spp.cfg', 'WEIGHTS': 'detector/yolo/data/yolov3-spp.weights', 'NMS_THRES': 0.6, 'CONFIDENCE': 0.05}, 'TRAIN': {'WORLD_SIZE': 4, 'BATCH_SIZE': 8, 'BEGIN_EPOCH': 0, 'END_EPOCH': 200, 'OPTIMIZER': 'adam', 'LR': 0.001, 'LR_FACTOR': 0.1, 'LR_STEP': [90, 120], 'DPG_MILESTONE': 140, 'DPG_STEP': [20, 50]}, 'FILE_NAME': '256x192_res18_lr1e-3_1x.yaml'}
******************************
Create new model
=> init weights
############# Starting Epoch 0 | LR: 0.001 #############
******************************
Namespace(board=True, cfg='./configs/coco/resnet/256x192_res18_lr1e-3_1x.yaml', debug=False, detector='yolo', device=device(type='cuda', index=0), dist_backend='nccl', dist_url='tcp://192.168.1.214:23345', exp_id='mytrain', gpus=[0], launcher='none', map=True, nThreads=60, rank=-1, snapshot=2, sync=False, work_dir='./exp/mytrain-256x192_res18_lr1e-3_1x.yaml/', world_size=4)
******************************
{'DATASET': {'TRAIN': {'TYPE': 'Mscoco', 'ROOT': './data/coco/', 'IMG_PREFIX': 'train2017', 'ANN': 'annotations/person_keypoints_train2017.json', 'AUG': {'FLIP': True, 'ROT_FACTOR': 40, 'SCALE_FACTOR': 0.3, 'NUM_JOINTS_HALF_BODY': 8, 'PROB_HALF_BODY': -1}}, 'VAL': {'TYPE': 'Mscoco', 'ROOT': './data/coco/', 'IMG_PREFIX': 'val2017', 'ANN': 'annotations/person_keypoints_val2017.json'}, 'TEST': {'TYPE': 'Mscoco_det', 'ROOT': './data/coco/', 'IMG_PREFIX': 'val2017', 'DET_FILE': './exp/json/test_det_yolo.json', 'ANN': 'annotations/person_keypoints_val2017.json'}}, 'DATA_PRESET': {'TYPE': 'simple', 'SIGMA': 2, 'NUM_JOINTS': 17, 'IMAGE_SIZE': [256, 192], 'HEATMAP_SIZE': [64, 48]}, 'MODEL': {'TYPE': 'FastPose', 'PRETRAINED': '', 'TRY_LOAD': '', 'NUM_DECONV_FILTERS': [256, 256, 256], 'NUM_LAYERS': 18}, 'DETECTOR': {'NAME': 'yolo', 'CONFIG': 'detector/yolo/cfg/yolov3-spp.cfg', 'WEIGHTS': 'detector/yolo/data/yolov3-spp.weights', 'NMS_THRES': 0.6, 'CONFIDENCE': 0.05}, 'TRAIN': {'WORLD_SIZE': 4, 'BATCH_SIZE': 16, 'BEGIN_EPOCH': 0, 'END_EPOCH': 200, 'OPTIMIZER': 'adam', 'LR': 0.001, 'LR_FACTOR': 0.1, 'LR_STEP': [90, 120], 'DPG_MILESTONE': 140, 'DPG_STEP': [20, 50]}, 'FILE_NAME': '256x192_res18_lr1e-3_1x.yaml'}
******************************
Create new model
=> init weights
############# Starting Epoch 0 | LR: 0.001 #############
Train-0 epoch | loss:0.00079487 | acc:0.4955
############# Starting Epoch 1 | LR: 0.001 #############
Train-1 epoch | loss:0.00065424 | acc:0.6184
##### Epoch 1 | gt mAP: 0.41093385253058645 | rcnn mAP: 0.37685828839378843 #####
############# Starting Epoch 2 | LR: 0.001 #############
Train-2 epoch | loss:0.00060950 | acc:0.6542
############# Starting Epoch 3 | LR: 0.001 #############
******************************
Namespace(board=True, cfg='./configs/coco/resnet/256x192_res18_lr1e-3_1x.yaml', debug=False, detector='yolo', device=device(type='cuda', index=0), dist_backend='nccl', dist_url='tcp://192.168.1.214:23345', exp_id='mytrain', gpus=[0], launcher='none', map=True, nThreads=60, rank=-1, snapshot=5, sync=False, work_dir='./exp/mytrain-256x192_res18_lr1e-3_1x.yaml/', world_size=4)
******************************
{'DATASET': {'TRAIN': {'TYPE': 'Mscoco', 'ROOT': './data/coco/', 'IMG_PREFIX': 'train2017', 'ANN': 'annotations/person_keypoints_train2017.json', 'AUG': {'FLIP': True, 'ROT_FACTOR': 40, 'SCALE_FACTOR': 0.3, 'NUM_JOINTS_HALF_BODY': 8, 'PROB_HALF_BODY': -1}}, 'VAL': {'TYPE': 'Mscoco', 'ROOT': './data/coco/', 'IMG_PREFIX': 'val2017', 'ANN': 'annotations/person_keypoints_val2017.json'}, 'TEST': {'TYPE': 'Mscoco_det', 'ROOT': './data/coco/', 'IMG_PREFIX': 'val2017', 'DET_FILE': './exp/json/test_det_yolo.json', 'ANN': 'annotations/person_keypoints_val2017.json'}}, 'DATA_PRESET': {'TYPE': 'simple', 'SIGMA': 2, 'NUM_JOINTS': 17, 'IMAGE_SIZE': [256, 192], 'HEATMAP_SIZE': [64, 48]}, 'MODEL': {'TYPE': 'FastPose', 'PRETRAINED': '', 'TRY_LOAD': '', 'NUM_DECONV_FILTERS': [64, 64, 64], 'NUM_LAYERS': 18}, 'DETECTOR': {'NAME': 'yolo', 'CONFIG': 'detector/yolo/cfg/yolov3-spp.cfg', 'WEIGHTS': 'detector/yolo/data/yolov3-spp.weights', 'NMS_THRES': 0.6, 'CONFIDENCE': 0.05}, 'TRAIN': {'WORLD_SIZE': 4, 'BATCH_SIZE': 16, 'BEGIN_EPOCH': 0, 'END_EPOCH': 200, 'OPTIMIZER': 'adam', 'LR': 0.001, 'LR_FACTOR': 0.1, 'LR_STEP': [90, 120], 'DPG_MILESTONE': 140, 'DPG_STEP': [20, 50]}, 'FILE_NAME': '256x192_res18_lr1e-3_1x.yaml'}
******************************
Create new model
=> init weights
############# Starting Epoch 0 | LR: 0.001 #############
******************************
Namespace(board=True, cfg='./configs/coco/resnet/256x192_res18_lr1e-3_1x.yaml', debug=False, detector='yolo', device=device(type='cuda', index=0), dist_backend='nccl', dist_url='tcp://192.168.1.214:23345', exp_id='mytrain', gpus=[0], launcher='none', map=True, nThreads=60, rank=-1, snapshot=5, sync=False, work_dir='./exp/mytrain-256x192_res18_lr1e-3_1x.yaml/', world_size=4)
******************************
{'DATASET': {'TRAIN': {'TYPE': 'Mscoco', 'ROOT': './data/coco/', 'IMG_PREFIX': 'train2017', 'ANN': 'annotations/person_keypoints_train2017.json', 'AUG': {'FLIP': True, 'ROT_FACTOR': 40, 'SCALE_FACTOR': 0.3, 'NUM_JOINTS_HALF_BODY': 8, 'PROB_HALF_BODY': -1}}, 'VAL': {'TYPE': 'Mscoco', 'ROOT': './data/coco/', 'IMG_PREFIX': 'val2017', 'ANN': 'annotations/person_keypoints_val2017.json'}, 'TEST': {'TYPE': 'Mscoco_det', 'ROOT': './data/coco/', 'IMG_PREFIX': 'val2017', 'DET_FILE': './exp/json/test_det_yolo.json', 'ANN': 'annotations/person_keypoints_val2017.json'}}, 'DATA_PRESET': {'TYPE': 'simple', 'SIGMA': 2, 'NUM_JOINTS': 17, 'IMAGE_SIZE': [256, 192], 'HEATMAP_SIZE': [64, 48]}, 'MODEL': {'TYPE': 'FastPose', 'PRETRAINED': '', 'TRY_LOAD': '', 'NUM_DECONV_FILTERS': [64, 64, 64], 'NUM_LAYERS': 18}, 'DETECTOR': {'NAME': 'yolo', 'CONFIG': 'detector/yolo/cfg/yolov3-spp.cfg', 'WEIGHTS': 'detector/yolo/data/yolov3-spp.weights', 'NMS_THRES': 0.6, 'CONFIDENCE': 0.05}, 'TRAIN': {'WORLD_SIZE': 4, 'BATCH_SIZE': 16, 'BEGIN_EPOCH': 0, 'END_EPOCH': 200, 'OPTIMIZER': 'adam', 'LR': 0.001, 'LR_FACTOR': 0.1, 'LR_STEP': [90, 120], 'DPG_MILESTONE': 140, 'DPG_STEP': [20, 50]}, 'FILE_NAME': '256x192_res18_lr1e-3_1x.yaml'}
******************************
Create new model
=> init weights
############# Starting Epoch 0 | LR: 0.001 #############
******************************
Namespace(board=True, cfg='./configs/coco/resnet/256x192_res18_lr1e-3_1x.yaml', debug=False, detector='yolo', device=device(type='cuda', index=0), dist_backend='nccl', dist_url='tcp://192.168.1.214:23345', exp_id='mytrain', gpus=[0], launcher='none', map=True, nThreads=60, rank=-1, snapshot=5, sync=False, work_dir='./exp/mytrain-256x192_res18_lr1e-3_1x.yaml/', world_size=4)
******************************
{'DATASET': {'TRAIN': {'TYPE': 'Mscoco', 'ROOT': './data/coco/', 'IMG_PREFIX': 'train2017', 'ANN': 'annotations/person_keypoints_train2017.json', 'AUG': {'FLIP': True, 'ROT_FACTOR': 40, 'SCALE_FACTOR': 0.3, 'NUM_JOINTS_HALF_BODY': 8, 'PROB_HALF_BODY': -1}}, 'VAL': {'TYPE': 'Mscoco', 'ROOT': './data/coco/', 'IMG_PREFIX': 'val2017', 'ANN': 'annotations/person_keypoints_val2017.json'}, 'TEST': {'TYPE': 'Mscoco_det', 'ROOT': './data/coco/', 'IMG_PREFIX': 'val2017', 'DET_FILE': './exp/json/test_det_yolo.json', 'ANN': 'annotations/person_keypoints_val2017.json'}}, 'DATA_PRESET': {'TYPE': 'simple', 'SIGMA': 2, 'NUM_JOINTS': 17, 'IMAGE_SIZE': [256, 192], 'HEATMAP_SIZE': [64, 48]}, 'MODEL': {'TYPE': 'FastPose', 'PRETRAINED': '', 'TRY_LOAD': '', 'NUM_DECONV_FILTERS': [64, 64, 64], 'NUM_LAYERS': 18}, 'DETECTOR': {'NAME': 'yolo', 'CONFIG': 'detector/yolo/cfg/yolov3-spp.cfg', 'WEIGHTS': 'detector/yolo/data/yolov3-spp.weights', 'NMS_THRES': 0.6, 'CONFIDENCE': 0.05}, 'TRAIN': {'WORLD_SIZE': 4, 'BATCH_SIZE': 64, 'BEGIN_EPOCH': 0, 'END_EPOCH': 200, 'OPTIMIZER': 'adam', 'LR': 0.001, 'LR_FACTOR': 0.1, 'LR_STEP': [90, 120], 'DPG_MILESTONE': 140, 'DPG_STEP': [20, 50]}, 'FILE_NAME': '256x192_res18_lr1e-3_1x.yaml'}
******************************
Create new model
=> init weights
############# Starting Epoch 0 | LR: 0.001 #############
